c:\cpython\pcbuild\obj\310amd64_release\bdist_wininst\vc142.pdb
c:\cpython\pcbuild\obj\310amd64_release\bdist_wininst\zutil.obj
c:\cpython\pcbuild\obj\310amd64_release\bdist_wininst\inftrees.obj
c:\cpython\pcbuild\obj\310amd64_release\bdist_wininst\inflate.obj
c:\cpython\pcbuild\obj\310amd64_release\bdist_wininst\inffast.obj
c:\cpython\pcbuild\obj\310amd64_release\bdist_wininst\crc32.obj
c:\cpython\pcbuild\obj\310amd64_release\bdist_wininst\adler32.obj
c:\cpython\pcbuild\obj\310amd64_release\bdist_wininst\install.obj
c:\cpython\pcbuild\obj\310amd64_release\bdist_wininst\extract.obj
c:\cpython\lib\distutils\command\wininst-16.0-amd64.exe
c:\cpython\lib\distutils\command\wininst-16.0-amd64.pdb
c:\cpython\pcbuild\obj\310amd64_release\bdist_wininst\install.res
c:\cpython\pcbuild\obj\310amd64_release\bdist_wininst\bdist_wininst.tlog\cl.command.1.tlog
c:\cpython\pcbuild\obj\310amd64_release\bdist_wininst\bdist_wininst.tlog\cl.read.1.tlog
c:\cpython\pcbuild\obj\310amd64_release\bdist_wininst\bdist_wininst.tlog\cl.write.1.tlog
c:\cpython\pcbuild\obj\310amd64_release\bdist_wininst\bdist_wininst.tlog\link.command.1.tlog
c:\cpython\pcbuild\obj\310amd64_release\bdist_wininst\bdist_wininst.tlog\link.read.1.tlog
c:\cpython\pcbuild\obj\310amd64_release\bdist_wininst\bdist_wininst.tlog\link.write.1.tlog
c:\cpython\pcbuild\obj\310amd64_release\bdist_wininst\bdist_wininst.tlog\rc.command.1.tlog
c:\cpython\pcbuild\obj\310amd64_release\bdist_wininst\bdist_wininst.tlog\rc.read.1.tlog
c:\cpython\pcbuild\obj\310amd64_release\bdist_wininst\bdist_wininst.tlog\rc.write.1.tlog
