  tuklib_cpucores.c
  tuklib_physmem.c
  check.c
  crc32_fast.c
  crc32_table.c
  crc64_fast.c
  crc64_table.c
  sha256.c
  alone_decoder.c
  alone_encoder.c
  auto_decoder.c
  block_buffer_decoder.c
  block_buffer_encoder.c
  block_decoder.c
  block_encoder.c
  block_header_decoder.c
  block_header_encoder.c
  block_util.c
  common.c
  easy_buffer_encoder.c
  Compiling...
  easy_decoder_memusage.c
  easy_encoder.c
  easy_encoder_memusage.c
  easy_preset.c
  filter_buffer_decoder.c
  filter_buffer_encoder.c
  filter_common.c
  filter_decoder.c
  filter_encoder.c
  filter_flags_decoder.c
  filter_flags_encoder.c
  hardware_cputhreads.c
  hardware_physmem.c
  index.c
  index_decoder.c
  index_encoder.c
  index_hash.c
  outqueue.c
  stream_buffer_decoder.c
  stream_buffer_encoder.c
  Compiling...
  stream_decoder.c
  stream_encoder.c
  stream_encoder_mt.c
  stream_flags_common.c
  stream_flags_decoder.c
  stream_flags_encoder.c
  vli_decoder.c
  vli_encoder.c
  vli_size.c
  delta_common.c
  delta_decoder.c
  delta_encoder.c
  fastpos_table.c
  lzma2_decoder.c
  lzma2_encoder.c
  lzma_decoder.c
  lzma_encoder.c
  lzma_encoder_optimum_fast.c
  lzma_encoder_optimum_normal.c
  lzma_encoder_presets.c
  Compiling...
  lz_decoder.c
  lz_encoder.c
  lz_encoder_mf.c
  price_table.c
  arm.c
  armthumb.c
  ia64.c
  powerpc.c
  simple_coder.c
  simple_decoder.c
  simple_encoder.c
  sparc.c
  x86.c
  liblzma.vcxproj -> C:\cpython\PCbuild\amd64\liblzma.lib
