c:\cpython\pcbuild\obj\310arm32_release\pyexpat\vc142.pdb
c:\cpython\pcbuild\obj\310arm32_release\pyexpat\xmltok.obj
c:\cpython\pcbuild\obj\310arm32_release\pyexpat\xmlrole.obj
c:\cpython\pcbuild\obj\310arm32_release\pyexpat\xmlparse.obj
c:\cpython\pcbuild\obj\310arm32_release\pyexpat\pyexpat.obj
c:\cpython\pcbuild\arm32\pyexpat.pyd
c:\cpython\pcbuild\arm32\pyexpat.pdb
c:\cpython\pcbuild\arm32\pyexpat.lib
c:\cpython\pcbuild\arm32\pyexpat.exp
c:\cpython\pcbuild\obj\310arm32_release\pyexpat\python_nt.res
c:\cpython\pcbuild\obj\310arm32_release\pyexpat\pyexpat.tlog\cl.command.1.tlog
c:\cpython\pcbuild\obj\310arm32_release\pyexpat\pyexpat.tlog\cl.read.1.tlog
c:\cpython\pcbuild\obj\310arm32_release\pyexpat\pyexpat.tlog\cl.write.1.tlog
c:\cpython\pcbuild\obj\310arm32_release\pyexpat\pyexpat.tlog\link.command.1.tlog
c:\cpython\pcbuild\obj\310arm32_release\pyexpat\pyexpat.tlog\link.read.1.tlog
c:\cpython\pcbuild\obj\310arm32_release\pyexpat\pyexpat.tlog\link.write.1.tlog
c:\cpython\pcbuild\obj\310arm32_release\pyexpat\pyexpat.tlog\pyexpat.write.1u.tlog
c:\cpython\pcbuild\obj\310arm32_release\pyexpat\pyexpat.tlog\rc.command.1.tlog
c:\cpython\pcbuild\obj\310arm32_release\pyexpat\pyexpat.tlog\rc.read.1.tlog
c:\cpython\pcbuild\obj\310arm32_release\pyexpat\pyexpat.tlog\rc.write.1.tlog
