c:\cpython\pcbuild\obj\310arm64_release\_bz2\vc142.pdb
c:\cpython\pcbuild\obj\310arm64_release\_bz2\randtable.obj
c:\cpython\pcbuild\obj\310arm64_release\_bz2\huffman.obj
c:\cpython\pcbuild\obj\310arm64_release\_bz2\decompress.obj
c:\cpython\pcbuild\obj\310arm64_release\_bz2\crctable.obj
c:\cpython\pcbuild\obj\310arm64_release\_bz2\compress.obj
c:\cpython\pcbuild\obj\310arm64_release\_bz2\bzlib.obj
c:\cpython\pcbuild\obj\310arm64_release\_bz2\blocksort.obj
c:\cpython\pcbuild\obj\310arm64_release\_bz2\_bz2module.obj
c:\cpython\pcbuild\arm64\_bz2.pyd
c:\cpython\pcbuild\arm64\_bz2.pdb
c:\cpython\pcbuild\obj\310arm64_release\_bz2\python_nt.res
c:\cpython\pcbuild\arm64\_bz2.lib
c:\cpython\pcbuild\arm64\_bz2.exp
c:\cpython\pcbuild\obj\310arm64_release\_bz2\_bz2.tlog\cl.command.1.tlog
c:\cpython\pcbuild\obj\310arm64_release\_bz2\_bz2.tlog\cl.read.1.tlog
c:\cpython\pcbuild\obj\310arm64_release\_bz2\_bz2.tlog\cl.write.1.tlog
c:\cpython\pcbuild\obj\310arm64_release\_bz2\_bz2.tlog\link.command.1.tlog
c:\cpython\pcbuild\obj\310arm64_release\_bz2\_bz2.tlog\link.read.1.tlog
c:\cpython\pcbuild\obj\310arm64_release\_bz2\_bz2.tlog\link.write.1.tlog
c:\cpython\pcbuild\obj\310arm64_release\_bz2\_bz2.tlog\rc.command.1.tlog
c:\cpython\pcbuild\obj\310arm64_release\_bz2\_bz2.tlog\rc.read.1.tlog
c:\cpython\pcbuild\obj\310arm64_release\_bz2\_bz2.tlog\rc.write.1.tlog
c:\cpython\pcbuild\obj\310arm64_release\_bz2\_bz2.tlog\_bz2.write.1u.tlog
