c:\cpython\pcbuild\obj\310amd64_release\_tkinter\vc142.pdb
c:\cpython\pcbuild\obj\310amd64_release\_tkinter\tkappinit.obj
c:\cpython\pcbuild\obj\310amd64_release\_tkinter\_tkinter.obj
c:\cpython\pcbuild\obj\310amd64_release\_tkinter\vc141.pdb
c:\cpython\pcbuild\amd64\_tkinter.pyd
c:\cpython\pcbuild\amd64\_tkinter.pdb
c:\cpython\pcbuild\obj\310amd64_release\_tkinter\python_nt.res
c:\cpython\pcbuild\amd64\_tkinter.lib
c:\cpython\pcbuild\amd64\_tkinter.exp
c:\cpython\pcbuild\obj\310amd64_release\_tkinter\_tkinter.tlog\cl.command.1.tlog
c:\cpython\pcbuild\obj\310amd64_release\_tkinter\_tkinter.tlog\cl.read.1.tlog
c:\cpython\pcbuild\obj\310amd64_release\_tkinter\_tkinter.tlog\cl.write.1.tlog
c:\cpython\pcbuild\obj\310amd64_release\_tkinter\_tkinter.tlog\link.command.1.tlog
c:\cpython\pcbuild\obj\310amd64_release\_tkinter\_tkinter.tlog\link.delete.1.tlog
c:\cpython\pcbuild\obj\310amd64_release\_tkinter\_tkinter.tlog\link.read.1.tlog
c:\cpython\pcbuild\obj\310amd64_release\_tkinter\_tkinter.tlog\link.write.1.tlog
c:\cpython\pcbuild\obj\310amd64_release\_tkinter\_tkinter.tlog\rc.command.1.tlog
c:\cpython\pcbuild\obj\310amd64_release\_tkinter\_tkinter.tlog\rc.read.1.tlog
c:\cpython\pcbuild\obj\310amd64_release\_tkinter\_tkinter.tlog\rc.write.1.tlog
c:\cpython\pcbuild\obj\310amd64_release\_tkinter\_tkinter.tlog\_tkinter.write.1u.tlog
