c:\cpython\pcbuild\obj\310win32_release\_sqlite3\vc142.pdb
c:\cpython\pcbuild\obj\310win32_release\_sqlite3\util.obj
c:\cpython\pcbuild\obj\310win32_release\_sqlite3\statement.obj
c:\cpython\pcbuild\obj\310win32_release\_sqlite3\row.obj
c:\cpython\pcbuild\obj\310win32_release\_sqlite3\prepare_protocol.obj
c:\cpython\pcbuild\obj\310win32_release\_sqlite3\module.obj
c:\cpython\pcbuild\obj\310win32_release\_sqlite3\microprotocols.obj
c:\cpython\pcbuild\obj\310win32_release\_sqlite3\cursor.obj
c:\cpython\pcbuild\obj\310win32_release\_sqlite3\connection.obj
c:\cpython\pcbuild\obj\310win32_release\_sqlite3\cache.obj
c:\cpython\pcbuild\win32\_sqlite3.pyd
c:\cpython\pcbuild\win32\_sqlite3.pdb
c:\cpython\pcbuild\obj\310win32_release\_sqlite3\python_nt.res
c:\cpython\pcbuild\win32\_sqlite3.lib
c:\cpython\pcbuild\win32\_sqlite3.exp
c:\cpython\pcbuild\obj\310win32_release\_sqlite3\_sqlite3.tlog\cl.command.1.tlog
c:\cpython\pcbuild\obj\310win32_release\_sqlite3\_sqlite3.tlog\cl.read.1.tlog
c:\cpython\pcbuild\obj\310win32_release\_sqlite3\_sqlite3.tlog\cl.write.1.tlog
c:\cpython\pcbuild\obj\310win32_release\_sqlite3\_sqlite3.tlog\link.command.1.tlog
c:\cpython\pcbuild\obj\310win32_release\_sqlite3\_sqlite3.tlog\link.read.1.tlog
c:\cpython\pcbuild\obj\310win32_release\_sqlite3\_sqlite3.tlog\link.write.1.tlog
c:\cpython\pcbuild\obj\310win32_release\_sqlite3\_sqlite3.tlog\rc.command.1.tlog
c:\cpython\pcbuild\obj\310win32_release\_sqlite3\_sqlite3.tlog\rc.read.1.tlog
c:\cpython\pcbuild\obj\310win32_release\_sqlite3\_sqlite3.tlog\rc.write.1.tlog
c:\cpython\pcbuild\obj\310win32_release\_sqlite3\_sqlite3.tlog\_sqlite3.write.1u.tlog
