c:\cpython\pcbuild\obj\310arm64_release\_ctypes\vc142.pdb
c:\cpython\pcbuild\obj\310arm64_release\_ctypes\stgdict.obj
c:\cpython\pcbuild\obj\310arm64_release\_ctypes\malloc_closure.obj
c:\cpython\pcbuild\obj\310arm64_release\_ctypes\cfield.obj
c:\cpython\pcbuild\obj\310arm64_release\_ctypes\callproc.obj
c:\cpython\pcbuild\obj\310arm64_release\_ctypes\callbacks.obj
c:\cpython\pcbuild\obj\310arm64_release\_ctypes\_ctypes.obj
c:\cpython\pcbuild\arm64\_ctypes.pyd
c:\cpython\pcbuild\arm64\_ctypes.pdb
c:\cpython\pcbuild\obj\310arm64_release\_ctypes\python_nt.res
c:\cpython\pcbuild\arm64\_ctypes.lib
c:\cpython\pcbuild\arm64\_ctypes.exp
c:\cpython\pcbuild\obj\310arm64_release\_ctypes\_ctypes.tlog\cl.command.1.tlog
c:\cpython\pcbuild\obj\310arm64_release\_ctypes\_ctypes.tlog\cl.read.1.tlog
c:\cpython\pcbuild\obj\310arm64_release\_ctypes\_ctypes.tlog\cl.write.1.tlog
c:\cpython\pcbuild\obj\310arm64_release\_ctypes\_ctypes.tlog\link.command.1.tlog
c:\cpython\pcbuild\obj\310arm64_release\_ctypes\_ctypes.tlog\link.read.1.tlog
c:\cpython\pcbuild\obj\310arm64_release\_ctypes\_ctypes.tlog\link.write.1.tlog
c:\cpython\pcbuild\obj\310arm64_release\_ctypes\_ctypes.tlog\rc.command.1.tlog
c:\cpython\pcbuild\obj\310arm64_release\_ctypes\_ctypes.tlog\rc.read.1.tlog
c:\cpython\pcbuild\obj\310arm64_release\_ctypes\_ctypes.tlog\rc.write.1.tlog
c:\cpython\pcbuild\obj\310arm64_release\_ctypes\_ctypes.tlog\_ctypes.write.1u.tlog
