c:\cpython\pcbuild\obj\310win32_release\_elementtree\vc142.pdb
c:\cpython\pcbuild\obj\310win32_release\_elementtree\xmltok.obj
c:\cpython\pcbuild\obj\310win32_release\_elementtree\xmlrole.obj
c:\cpython\pcbuild\obj\310win32_release\_elementtree\xmlparse.obj
c:\cpython\pcbuild\obj\310win32_release\_elementtree\_elementtree.obj
c:\cpython\pcbuild\win32\_elementtree.pyd
c:\cpython\pcbuild\win32\_elementtree.pdb
c:\cpython\pcbuild\obj\310win32_release\_elementtree\python_nt.res
c:\cpython\pcbuild\win32\_elementtree.lib
c:\cpython\pcbuild\win32\_elementtree.exp
c:\cpython\pcbuild\obj\310win32_release\_elementtree\_elementtree.tlog\cl.command.1.tlog
c:\cpython\pcbuild\obj\310win32_release\_elementtree\_elementtree.tlog\cl.read.1.tlog
c:\cpython\pcbuild\obj\310win32_release\_elementtree\_elementtree.tlog\cl.write.1.tlog
c:\cpython\pcbuild\obj\310win32_release\_elementtree\_elementtree.tlog\link.command.1.tlog
c:\cpython\pcbuild\obj\310win32_release\_elementtree\_elementtree.tlog\link.read.1.tlog
c:\cpython\pcbuild\obj\310win32_release\_elementtree\_elementtree.tlog\link.write.1.tlog
c:\cpython\pcbuild\obj\310win32_release\_elementtree\_elementtree.tlog\rc.command.1.tlog
c:\cpython\pcbuild\obj\310win32_release\_elementtree\_elementtree.tlog\rc.read.1.tlog
c:\cpython\pcbuild\obj\310win32_release\_elementtree\_elementtree.tlog\rc.write.1.tlog
c:\cpython\pcbuild\obj\310win32_release\_elementtree\_elementtree.tlog\_elementtree.write.1u.tlog
